<?xml version="1.0" encoding="utf-8"?><testsuites name="pytest tests"><testsuite name="pytest" errors="0" failures="0" skipped="0" tests="8" time="1.888" timestamp="2026-04-29T19:25:57.760797+00:00" hostname="agent-env-d031e462-f24b-46a9-824a-3dd9ef958a56"><testcase classname="backend.tests.backend_test.TestRoot" name="test_root_200" time="0.355" /><testcase classname="backend.tests.backend_test.TestOrders" name="test_create_order_success" time="0.176" /><testcase classname="backend.tests.backend_test.TestOrders" name="test_create_order_missing_fields_400[payload0]" time="0.153" /><testcase classname="backend.tests.backend_test.TestOrders" name="test_create_order_missing_fields_400[payload1]" time="0.130" /><testcase classname="backend.tests.backend_test.TestOrders" name="test_create_order_missing_fields_400[payload2]" time="0.184" /><testcase classname="backend.tests.backend_test.TestOrders" name="test_create_order_missing_fields_400[payload3]" time="0.165" /><testcase classname="backend.tests.backend_test.TestOrders" name="test_list_orders_no_id_and_reverse_chrono" time="0.345" /><testcase classname="backend.tests.backend_test.TestOrders" name="test_created_order_appears_in_list" time="0.255" /></testsuite></testsuites>